\BOOKMARK [1][-]{section.1}{Introducci\363n}{}% 1
\BOOKMARK [1][-]{section.2}{Estado del arte}{}% 2
\BOOKMARK [2][-]{subsection.2.1}{Introducci\363n}{section.2}% 3
\BOOKMARK [2][-]{subsection.2.2}{Aplicaciones analizadas}{section.2}% 4
\BOOKMARK [3][-]{subsubsection.2.2.1}{Runtastic}{subsection.2.2}% 5
\BOOKMARK [3][-]{subsubsection.2.2.2}{FITAPP GPS - Correr y Caminar}{subsection.2.2}% 6
\BOOKMARK [3][-]{subsubsection.2.2.3}{Strava GPS Correr Ciclismo}{subsection.2.2}% 7
\BOOKMARK [3][-]{subsubsection.2.2.4}{RunKeeper - GPS Correr Caminar}{subsection.2.2}% 8
\BOOKMARK [3][-]{subsubsection.2.2.5}{Corre con Map My Run}{subsection.2.2}% 9
\BOOKMARK [1][-]{section.3}{Herramientas utilizadas}{}% 10
\BOOKMARK [2][-]{subsection.3.1}{Introducci\363n}{section.3}% 11
\BOOKMARK [2][-]{subsection.3.2}{HTML5}{section.3}% 12
\BOOKMARK [2][-]{subsection.3.3}{CSS}{section.3}% 13
\BOOKMARK [2][-]{subsection.3.4}{TypeScript}{section.3}% 14
\BOOKMARK [2][-]{subsection.3.5}{Node.js}{section.3}% 15
\BOOKMARK [2][-]{subsection.3.6}{SQL-lite}{section.3}% 16
\BOOKMARK [2][-]{subsection.3.7}{Gr\341fica}{section.3}% 17
\BOOKMARK [2][-]{subsection.3.8}{Google Maps}{section.3}% 18
\BOOKMARK [2][-]{subsection.3.9}{GPS}{section.3}% 19
\BOOKMARK [2][-]{subsection.3.10}{Angular JS}{section.3}% 20
\BOOKMARK [2][-]{subsection.3.11}{Conectividad internet}{section.3}% 21
\BOOKMARK [2][-]{subsection.3.12}{Ionic}{section.3}% 22
\BOOKMARK [3][-]{subsubsection.3.12.1}{Api Google Maps}{subsection.3.12}% 23
\BOOKMARK [2][-]{subsection.3.13}{Conectividad internet en Ionic}{section.3}% 24
\BOOKMARK [2][-]{subsection.3.14}{Api GPS}{section.3}% 25
\BOOKMARK [1][-]{section.4}{An\341lisis y dise\361os}{}% 26
\BOOKMARK [2][-]{subsection.4.1}{Casos de usos}{section.4}% 27
\BOOKMARK [2][-]{subsection.4.2}{Escenarios}{section.4}% 28
\BOOKMARK [2][-]{subsection.4.3}{Dise\361o de objetos}{section.4}% 29
\BOOKMARK [2][-]{subsection.4.4}{Programar}{section.4}% 30
\BOOKMARK [1][-]{section.5}{Medios Materiales}{}% 31
\BOOKMARK [1][-]{section.6}{Bibliograf\355a}{}% 32
